{"/Users/beb/projects/current/express-typescript-docker/src/index.ts": {"path":"/Users/beb/projects/current/express-typescript-docker/src/index.ts","statementMap":{"0":{"start":{"line":1,"column":0},"end":{"line":1,"column":25}},"1":{"start":{"line":2,"column":0},"end":{"line":2,"column":42}},"2":{"start":{"line":3,"column":0},"end":{"line":3,"column":46}},"3":{"start":{"line":4,"column":0},"end":{"line":4,"column":27}},"4":{"start":{"line":5,"column":0},"end":{"line":5,"column":42}},"5":{"start":{"line":6,"column":0},"end":{"line":6,"column":29}},"6":{"start":{"line":7,"column":0},"end":{"line":7,"column":40}},"7":{"start":{"line":9,"column":13},"end":{"line":9,"column":39}},"8":{"start":{"line":10,"column":25},"end":{"line":10,"column":34}},"9":{"start":{"line":12,"column":0},"end":{"line":12,"column":null}},"10":{"start":{"line":13,"column":0},"end":{"line":13,"column":null}},"11":{"start":{"line":14,"column":0},"end":{"line":14,"column":null}},"12":{"start":{"line":15,"column":0},"end":{"line":23,"column":null}},"13":{"start":{"line":24,"column":0},"end":{"line":24,"column":null}},"14":{"start":{"line":26,"column":0},"end":{"line":35,"column":null}},"15":{"start":{"line":28,"column":4},"end":{"line":30,"column":null}},"16":{"start":{"line":29,"column":6},"end":{"line":29,"column":null}},"17":{"start":{"line":33,"column":4},"end":{"line":33,"column":null}},"18":{"start":{"line":34,"column":4},"end":{"line":34,"column":null}}},"fnMap":{"0":{"name":"(anonymous_1)","decl":{"start":{"line":27,"column":8},"end":{"line":27,"column":9}},"loc":{"start":{"line":27,"column":24},"end":{"line":31,"column":3}}},"1":{"name":"(anonymous_2)","decl":{"start":{"line":28,"column":21},"end":{"line":28,"column":24}},"loc":{"start":{"line":28,"column":26},"end":{"line":30,"column":5}}},"2":{"name":"(anonymous_3)","decl":{"start":{"line":32,"column":9},"end":{"line":32,"column":10}},"loc":{"start":{"line":32,"column":17},"end":{"line":35,"column":3}}}},"branchMap":{"0":{"loc":{"start":{"line":9,"column":13},"end":{"line":9,"column":39}},"type":"binary-expr","locations":[{"start":{"line":9,"column":13},"end":{"line":9,"column":29}},{"start":{"line":9,"column":33},"end":{"line":9,"column":39}}]}},"s":{"0":0,"1":0,"2":0,"3":0,"4":0,"5":0,"6":0,"7":0,"8":0,"9":0,"10":0,"11":0,"12":0,"13":0,"14":0,"15":0,"16":0,"17":0,"18":0},"f":{"0":0,"1":0,"2":0},"b":{"0":[0,0]}}
,"/Users/beb/projects/current/express-typescript-docker/src/config/database.ts": {"path":"/Users/beb/projects/current/express-typescript-docker/src/config/database.ts","statementMap":{"0":{"start":{"line":2,"column":0},"end":{"line":2,"column":47}},"1":{"start":{"line":4,"column":34},"end":{"line":13,"column":null}},"2":{"start":{"line":15,"column":0},"end":{"line":15,"column":null}}},"fnMap":{},"branchMap":{"0":{"loc":{"start":{"line":6,"column":8},"end":{"line":6,"column":48}},"type":"binary-expr","locations":[{"start":{"line":6,"column":8},"end":{"line":6,"column":33}},{"start":{"line":6,"column":37},"end":{"line":6,"column":48}}]},"1":{"loc":{"start":{"line":7,"column":8},"end":{"line":7,"column":49}},"type":"binary-expr","locations":[{"start":{"line":7,"column":8},"end":{"line":7,"column":41}},{"start":{"line":7,"column":45},"end":{"line":7,"column":49}}]},"2":{"loc":{"start":{"line":8,"column":12},"end":{"line":8,"column":51}},"type":"binary-expr","locations":[{"start":{"line":8,"column":12},"end":{"line":8,"column":37}},{"start":{"line":8,"column":41},"end":{"line":8,"column":51}}]},"3":{"loc":{"start":{"line":9,"column":12},"end":{"line":9,"column":55}},"type":"binary-expr","locations":[{"start":{"line":9,"column":12},"end":{"line":9,"column":41}},{"start":{"line":9,"column":45},"end":{"line":9,"column":55}}]},"4":{"loc":{"start":{"line":10,"column":12},"end":{"line":10,"column":49}},"type":"binary-expr","locations":[{"start":{"line":10,"column":12},"end":{"line":10,"column":35}},{"start":{"line":10,"column":39},"end":{"line":10,"column":49}}]}},"s":{"0":0,"1":0,"2":0},"f":{},"b":{"0":[0,0],"1":[0,0],"2":[0,0],"3":[0,0],"4":[0,0]}}
,"/Users/beb/projects/current/express-typescript-docker/src/controllers/comment.controller.ts": {"path":"/Users/beb/projects/current/express-typescript-docker/src/controllers/comment.controller.ts","statementMap":{"0":{"start":{"line":1,"column":0},"end":{"line":1,"column":57}},"1":{"start":{"line":3,"column":0},"end":{"line":3,"column":null}},"2":{"start":{"line":12,"column":0},"end":{"line":27,"column":null}},"3":{"start":{"line":15,"column":4},"end":{"line":15,"column":null}},"4":{"start":{"line":20,"column":4},"end":{"line":20,"column":null}},"5":{"start":{"line":25,"column":4},"end":{"line":25,"column":null}},"6":{"start":{"line":14,"column":2},"end":{"line":16,"column":null}},"7":{"start":{"line":19,"column":2},"end":{"line":21,"column":null}},"8":{"start":{"line":24,"column":2},"end":{"line":26,"column":null}},"9":{"start":{"line":12,"column":21},"end":{"line":27,"column":null}},"10":{"start":{"line":12,"column":21},"end":{"line":12,"column":null}}},"fnMap":{"0":{"name":"(anonymous_11)","decl":{"start":{"line":14,"column":15},"end":{"line":14,"column":26}},"loc":{"start":{"line":14,"column":26},"end":{"line":16,"column":null}}},"1":{"name":"(anonymous_13)","decl":{"start":{"line":19,"column":15},"end":{"line":19,"column":28}},"loc":{"start":{"line":19,"column":58},"end":{"line":21,"column":null}}},"2":{"name":"(anonymous_15)","decl":{"start":{"line":24,"column":15},"end":{"line":24,"column":25}},"loc":{"start":{"line":24,"column":44},"end":{"line":26,"column":null}}}},"branchMap":{},"s":{"0":1,"1":1,"2":1,"3":2,"4":1,"5":2,"6":1,"7":1,"8":1,"9":1,"10":1},"f":{"0":2,"1":1,"2":2},"b":{}}
,"/Users/beb/projects/current/express-typescript-docker/src/controllers/post.controller.ts": {"path":"/Users/beb/projects/current/express-typescript-docker/src/controllers/post.controller.ts","statementMap":{"0":{"start":{"line":1,"column":0},"end":{"line":1,"column":71}},"1":{"start":{"line":3,"column":0},"end":{"line":3,"column":null}},"2":{"start":{"line":12,"column":0},"end":{"line":27,"column":null}},"3":{"start":{"line":15,"column":4},"end":{"line":15,"column":null}},"4":{"start":{"line":20,"column":4},"end":{"line":20,"column":null}},"5":{"start":{"line":25,"column":4},"end":{"line":25,"column":null}},"6":{"start":{"line":14,"column":2},"end":{"line":16,"column":null}},"7":{"start":{"line":19,"column":2},"end":{"line":21,"column":null}},"8":{"start":{"line":24,"column":2},"end":{"line":26,"column":null}},"9":{"start":{"line":12,"column":21},"end":{"line":27,"column":null}},"10":{"start":{"line":12,"column":21},"end":{"line":12,"column":null}}},"fnMap":{"0":{"name":"(anonymous_11)","decl":{"start":{"line":14,"column":15},"end":{"line":14,"column":23}},"loc":{"start":{"line":14,"column":23},"end":{"line":16,"column":null}}},"1":{"name":"(anonymous_13)","decl":{"start":{"line":19,"column":15},"end":{"line":19,"column":25}},"loc":{"start":{"line":19,"column":52},"end":{"line":21,"column":null}}},"2":{"name":"(anonymous_15)","decl":{"start":{"line":24,"column":15},"end":{"line":24,"column":22}},"loc":{"start":{"line":24,"column":41},"end":{"line":26,"column":null}}}},"branchMap":{},"s":{"0":1,"1":1,"2":1,"3":2,"4":1,"5":2,"6":1,"7":1,"8":1,"9":1,"10":1},"f":{"0":2,"1":1,"2":2},"b":{}}
,"/Users/beb/projects/current/express-typescript-docker/src/controllers/user.controller.ts": {"path":"/Users/beb/projects/current/express-typescript-docker/src/controllers/user.controller.ts","statementMap":{"0":{"start":{"line":1,"column":0},"end":{"line":1,"column":57}},"1":{"start":{"line":3,"column":0},"end":{"line":3,"column":null}},"2":{"start":{"line":12,"column":0},"end":{"line":27,"column":null}},"3":{"start":{"line":15,"column":4},"end":{"line":15,"column":null}},"4":{"start":{"line":20,"column":4},"end":{"line":20,"column":null}},"5":{"start":{"line":25,"column":4},"end":{"line":25,"column":null}},"6":{"start":{"line":14,"column":2},"end":{"line":16,"column":null}},"7":{"start":{"line":19,"column":2},"end":{"line":21,"column":null}},"8":{"start":{"line":24,"column":2},"end":{"line":26,"column":null}},"9":{"start":{"line":12,"column":21},"end":{"line":27,"column":null}},"10":{"start":{"line":12,"column":21},"end":{"line":12,"column":null}}},"fnMap":{"0":{"name":"(anonymous_11)","decl":{"start":{"line":14,"column":15},"end":{"line":14,"column":23}},"loc":{"start":{"line":14,"column":23},"end":{"line":16,"column":null}}},"1":{"name":"(anonymous_13)","decl":{"start":{"line":19,"column":15},"end":{"line":19,"column":25}},"loc":{"start":{"line":19,"column":52},"end":{"line":21,"column":null}}},"2":{"name":"(anonymous_15)","decl":{"start":{"line":24,"column":15},"end":{"line":24,"column":22}},"loc":{"start":{"line":24,"column":41},"end":{"line":26,"column":null}}}},"branchMap":{},"s":{"0":1,"1":1,"2":1,"3":2,"4":1,"5":2,"6":1,"7":1,"8":1,"9":1,"10":1},"f":{"0":2,"1":1,"2":2},"b":{}}
,"/Users/beb/projects/current/express-typescript-docker/src/models/Comment.ts": {"path":"/Users/beb/projects/current/express-typescript-docker/src/models/Comment.ts","statementMap":{"0":{"start":{"line":1,"column":0},"end":{"line":1,"column":null}},"1":{"start":{"line":10,"column":0},"end":{"line":10,"column":29}},"2":{"start":{"line":11,"column":0},"end":{"line":11,"column":29}},"3":{"start":{"line":14,"column":0},"end":{"line":40,"column":null}},"4":{"start":{"line":16,"column":2},"end":{"line":16,"column":null}},"5":{"start":{"line":21,"column":2},"end":{"line":21,"column":null}},"6":{"start":{"line":24,"column":2},"end":{"line":24,"column":null}},"7":{"start":{"line":27,"column":2},"end":{"line":27,"column":null}},"8":{"start":{"line":25,"column":24},"end":{"line":25,"column":28}},"9":{"start":{"line":25,"column":46},"end":{"line":25,"column":59}},"10":{"start":{"line":30,"column":2},"end":{"line":30,"column":null}},"11":{"start":{"line":33,"column":2},"end":{"line":33,"column":null}},"12":{"start":{"line":31,"column":24},"end":{"line":31,"column":28}},"13":{"start":{"line":31,"column":46},"end":{"line":31,"column":59}},"14":{"start":{"line":36,"column":2},"end":{"line":36,"column":null}},"15":{"start":{"line":39,"column":2},"end":{"line":39,"column":null}},"16":{"start":{"line":14,"column":13},"end":{"line":40,"column":null}},"17":{"start":{"line":14,"column":13},"end":{"line":14,"column":20}}},"fnMap":{"0":{"name":"(anonymous_2)","decl":{"start":{"line":25,"column":13},"end":{"line":25,"column":14}},"loc":{"start":{"line":25,"column":24},"end":{"line":25,"column":28}}},"1":{"name":"(anonymous_3)","decl":{"start":{"line":25,"column":30},"end":{"line":25,"column":31}},"loc":{"start":{"line":25,"column":46},"end":{"line":25,"column":59}}},"2":{"name":"(anonymous_4)","decl":{"start":{"line":31,"column":13},"end":{"line":31,"column":14}},"loc":{"start":{"line":31,"column":24},"end":{"line":31,"column":28}}},"3":{"name":"(anonymous_5)","decl":{"start":{"line":31,"column":30},"end":{"line":31,"column":31}},"loc":{"start":{"line":31,"column":46},"end":{"line":31,"column":59}}}},"branchMap":{},"s":{"0":4,"1":4,"2":4,"3":4,"4":4,"5":4,"6":4,"7":4,"8":0,"9":0,"10":4,"11":4,"12":0,"13":0,"14":4,"15":4,"16":4,"17":4},"f":{"0":0,"1":0,"2":0,"3":0},"b":{}}
,"/Users/beb/projects/current/express-typescript-docker/src/models/Post.ts": {"path":"/Users/beb/projects/current/express-typescript-docker/src/models/Post.ts","statementMap":{"0":{"start":{"line":1,"column":0},"end":{"line":1,"column":null}},"1":{"start":{"line":11,"column":0},"end":{"line":11,"column":35}},"2":{"start":{"line":12,"column":0},"end":{"line":12,"column":29}},"3":{"start":{"line":15,"column":0},"end":{"line":41,"column":null}},"4":{"start":{"line":17,"column":2},"end":{"line":17,"column":null}},"5":{"start":{"line":20,"column":2},"end":{"line":20,"column":null}},"6":{"start":{"line":25,"column":2},"end":{"line":25,"column":null}},"7":{"start":{"line":28,"column":2},"end":{"line":28,"column":null}},"8":{"start":{"line":31,"column":2},"end":{"line":31,"column":null}},"9":{"start":{"line":29,"column":22},"end":{"line":29,"column":26}},"10":{"start":{"line":29,"column":44},"end":{"line":29,"column":54}},"11":{"start":{"line":34,"column":2},"end":{"line":34,"column":null}},"12":{"start":{"line":33,"column":22},"end":{"line":33,"column":29}},"13":{"start":{"line":33,"column":53},"end":{"line":33,"column":65}},"14":{"start":{"line":37,"column":2},"end":{"line":37,"column":null}},"15":{"start":{"line":40,"column":2},"end":{"line":40,"column":null}},"16":{"start":{"line":15,"column":13},"end":{"line":41,"column":null}},"17":{"start":{"line":15,"column":13},"end":{"line":15,"column":17}}},"fnMap":{"0":{"name":"(anonymous_2)","decl":{"start":{"line":29,"column":13},"end":{"line":29,"column":18}},"loc":{"start":{"line":29,"column":22},"end":{"line":29,"column":26}}},"1":{"name":"(anonymous_3)","decl":{"start":{"line":29,"column":28},"end":{"line":29,"column":29}},"loc":{"start":{"line":29,"column":44},"end":{"line":29,"column":54}}},"2":{"name":"(anonymous_4)","decl":{"start":{"line":33,"column":13},"end":{"line":33,"column":18}},"loc":{"start":{"line":33,"column":22},"end":{"line":33,"column":29}}},"3":{"name":"(anonymous_5)","decl":{"start":{"line":33,"column":31},"end":{"line":33,"column":32}},"loc":{"start":{"line":33,"column":53},"end":{"line":33,"column":65}}}},"branchMap":{},"s":{"0":4,"1":4,"2":4,"3":4,"4":4,"5":4,"6":4,"7":4,"8":4,"9":0,"10":0,"11":4,"12":0,"13":0,"14":4,"15":4,"16":4,"17":4},"f":{"0":0,"1":0,"2":0,"3":0},"b":{}}
,"/Users/beb/projects/current/express-typescript-docker/src/models/User.ts": {"path":"/Users/beb/projects/current/express-typescript-docker/src/models/User.ts","statementMap":{"0":{"start":{"line":1,"column":0},"end":{"line":1,"column":29}},"1":{"start":{"line":2,"column":0},"end":{"line":2,"column":35}},"2":{"start":{"line":3,"column":0},"end":{"line":3,"column":null}},"3":{"start":{"line":13,"column":0},"end":{"line":37,"column":null}},"4":{"start":{"line":15,"column":2},"end":{"line":15,"column":null}},"5":{"start":{"line":18,"column":2},"end":{"line":18,"column":null}},"6":{"start":{"line":21,"column":2},"end":{"line":21,"column":null}},"7":{"start":{"line":24,"column":2},"end":{"line":24,"column":null}},"8":{"start":{"line":27,"column":2},"end":{"line":27,"column":null}},"9":{"start":{"line":26,"column":22},"end":{"line":26,"column":26}},"10":{"start":{"line":26,"column":45},"end":{"line":26,"column":54}},"11":{"start":{"line":30,"column":2},"end":{"line":30,"column":null}},"12":{"start":{"line":29,"column":22},"end":{"line":29,"column":29}},"13":{"start":{"line":29,"column":54},"end":{"line":29,"column":66}},"14":{"start":{"line":33,"column":2},"end":{"line":33,"column":null}},"15":{"start":{"line":36,"column":2},"end":{"line":36,"column":null}},"16":{"start":{"line":13,"column":13},"end":{"line":37,"column":null}},"17":{"start":{"line":13,"column":13},"end":{"line":13,"column":17}}},"fnMap":{"0":{"name":"(anonymous_2)","decl":{"start":{"line":26,"column":13},"end":{"line":26,"column":18}},"loc":{"start":{"line":26,"column":22},"end":{"line":26,"column":26}}},"1":{"name":"(anonymous_3)","decl":{"start":{"line":26,"column":29},"end":{"line":26,"column":30}},"loc":{"start":{"line":26,"column":45},"end":{"line":26,"column":54}}},"2":{"name":"(anonymous_4)","decl":{"start":{"line":29,"column":13},"end":{"line":29,"column":18}},"loc":{"start":{"line":29,"column":22},"end":{"line":29,"column":29}}},"3":{"name":"(anonymous_5)","decl":{"start":{"line":29,"column":32},"end":{"line":29,"column":33}},"loc":{"start":{"line":29,"column":54},"end":{"line":29,"column":66}}}},"branchMap":{},"s":{"0":4,"1":4,"2":4,"3":4,"4":4,"5":4,"6":4,"7":4,"8":4,"9":0,"10":0,"11":4,"12":0,"13":0,"14":4,"15":4,"16":4,"17":4},"f":{"0":0,"1":0,"2":0,"3":0},"b":{}}
,"/Users/beb/projects/current/express-typescript-docker/src/models/index.ts": {"path":"/Users/beb/projects/current/express-typescript-docker/src/models/index.ts","statementMap":{"0":{"start":{"line":1,"column":0},"end":{"line":1,"column":9}},"1":{"start":{"line":5,"column":9},"end":{"line":1,"column":29}},"2":{"start":{"line":2,"column":0},"end":{"line":2,"column":9}},"3":{"start":{"line":5,"column":15},"end":{"line":2,"column":29}},"4":{"start":{"line":3,"column":0},"end":{"line":3,"column":9}},"5":{"start":{"line":5,"column":21},"end":{"line":3,"column":35}}},"fnMap":{"0":{"name":"(anonymous_0)","decl":{"start":{"line":5,"column":9},"end":{"line":5,"column":13}},"loc":{"start":{"line":5,"column":9},"end":{"line":1,"column":29}}},"1":{"name":"(anonymous_1)","decl":{"start":{"line":5,"column":15},"end":{"line":5,"column":19}},"loc":{"start":{"line":5,"column":15},"end":{"line":2,"column":29}}},"2":{"name":"(anonymous_2)","decl":{"start":{"line":5,"column":21},"end":{"line":5,"column":28}},"loc":{"start":{"line":5,"column":21},"end":{"line":3,"column":35}}}},"branchMap":{},"s":{"0":4,"1":10,"2":4,"3":4,"4":4,"5":4},"f":{"0":6,"1":0,"2":0},"b":{}}
,"/Users/beb/projects/current/express-typescript-docker/src/repositories/comment.repository.ts": {"path":"/Users/beb/projects/current/express-typescript-docker/src/repositories/comment.repository.ts","statementMap":{"0":{"start":{"line":1,"column":0},"end":{"line":1,"column":39}},"1":{"start":{"line":2,"column":0},"end":{"line":2,"column":35}},"2":{"start":{"line":10,"column":27},"end":{"line":13,"column":null}},"3":{"start":{"line":10,"column":63},"end":{"line":13,"column":null}},"4":{"start":{"line":11,"column":28},"end":{"line":11,"column":50}},"5":{"start":{"line":12,"column":2},"end":{"line":12,"column":null}},"6":{"start":{"line":10,"column":13},"end":{"line":10,"column":27}},"7":{"start":{"line":15,"column":29},"end":{"line":24,"column":null}},"8":{"start":{"line":17,"column":22},"end":{"line":24,"column":null}},"9":{"start":{"line":18,"column":28},"end":{"line":18,"column":50}},"10":{"start":{"line":19,"column":18},"end":{"line":19,"column":31}},"11":{"start":{"line":20,"column":2},"end":{"line":23,"column":null}},"12":{"start":{"line":15,"column":13},"end":{"line":15,"column":29}},"13":{"start":{"line":26,"column":26},"end":{"line":31,"column":null}},"14":{"start":{"line":26,"column":72},"end":{"line":31,"column":null}},"15":{"start":{"line":27,"column":28},"end":{"line":27,"column":50}},"16":{"start":{"line":28,"column":18},"end":{"line":28,"column":61}},"17":{"start":{"line":29,"column":2},"end":{"line":29,"column":null}},"18":{"start":{"line":29,"column":16},"end":{"line":29,"column":null}},"19":{"start":{"line":30,"column":2},"end":{"line":30,"column":null}},"20":{"start":{"line":26,"column":13},"end":{"line":26,"column":26}}},"fnMap":{"0":{"name":"(anonymous_7)","decl":{"start":{"line":10,"column":27},"end":{"line":10,"column":61}},"loc":{"start":{"line":10,"column":63},"end":{"line":13,"column":null}}},"1":{"name":"(anonymous_8)","decl":{"start":{"line":10,"column":63},"end":{"line":10,"column":null}},"loc":{"start":{"line":10,"column":63},"end":{"line":13,"column":1}}},"2":{"name":"(anonymous_9)","decl":{"start":{"line":15,"column":29},"end":{"line":15,"column":null}},"loc":{"start":{"line":17,"column":22},"end":{"line":24,"column":null}}},"3":{"name":"(anonymous_10)","decl":{"start":{"line":17,"column":22},"end":{"line":17,"column":null}},"loc":{"start":{"line":17,"column":22},"end":{"line":24,"column":1}}},"4":{"name":"(anonymous_11)","decl":{"start":{"line":26,"column":26},"end":{"line":26,"column":33}},"loc":{"start":{"line":26,"column":72},"end":{"line":31,"column":null}}},"5":{"name":"(anonymous_12)","decl":{"start":{"line":26,"column":72},"end":{"line":26,"column":null}},"loc":{"start":{"line":26,"column":72},"end":{"line":31,"column":1}}}},"branchMap":{"0":{"loc":{"start":{"line":29,"column":2},"end":{"line":29,"column":null}},"type":"if","locations":[{"start":{"line":29,"column":2},"end":{"line":29,"column":null}}]}},"s":{"0":1,"1":1,"2":1,"3":0,"4":0,"5":0,"6":1,"7":1,"8":0,"9":0,"10":0,"11":0,"12":1,"13":1,"14":0,"15":0,"16":0,"17":0,"18":0,"19":0,"20":1},"f":{"0":0,"1":0,"2":0,"3":0,"4":0,"5":0},"b":{"0":[0]}}
,"/Users/beb/projects/current/express-typescript-docker/src/repositories/post.repository.ts": {"path":"/Users/beb/projects/current/express-typescript-docker/src/repositories/post.repository.ts","statementMap":{"0":{"start":{"line":1,"column":0},"end":{"line":1,"column":39}},"1":{"start":{"line":2,"column":0},"end":{"line":2,"column":32}},"2":{"start":{"line":10,"column":24},"end":{"line":13,"column":null}},"3":{"start":{"line":10,"column":57},"end":{"line":13,"column":null}},"4":{"start":{"line":11,"column":25},"end":{"line":11,"column":44}},"5":{"start":{"line":12,"column":2},"end":{"line":12,"column":null}},"6":{"start":{"line":10,"column":13},"end":{"line":10,"column":24}},"7":{"start":{"line":15,"column":26},"end":{"line":22,"column":null}},"8":{"start":{"line":15,"column":73},"end":{"line":22,"column":null}},"9":{"start":{"line":16,"column":25},"end":{"line":16,"column":44}},"10":{"start":{"line":17,"column":15},"end":{"line":17,"column":25}},"11":{"start":{"line":18,"column":2},"end":{"line":21,"column":null}},"12":{"start":{"line":15,"column":13},"end":{"line":15,"column":26}},"13":{"start":{"line":24,"column":23},"end":{"line":29,"column":null}},"14":{"start":{"line":24,"column":66},"end":{"line":29,"column":null}},"15":{"start":{"line":25,"column":25},"end":{"line":25,"column":44}},"16":{"start":{"line":26,"column":15},"end":{"line":26,"column":55}},"17":{"start":{"line":27,"column":2},"end":{"line":27,"column":null}},"18":{"start":{"line":27,"column":13},"end":{"line":27,"column":null}},"19":{"start":{"line":28,"column":2},"end":{"line":28,"column":null}},"20":{"start":{"line":24,"column":13},"end":{"line":24,"column":23}}},"fnMap":{"0":{"name":"(anonymous_7)","decl":{"start":{"line":10,"column":24},"end":{"line":10,"column":55}},"loc":{"start":{"line":10,"column":57},"end":{"line":13,"column":null}}},"1":{"name":"(anonymous_8)","decl":{"start":{"line":10,"column":57},"end":{"line":10,"column":null}},"loc":{"start":{"line":10,"column":57},"end":{"line":13,"column":1}}},"2":{"name":"(anonymous_9)","decl":{"start":{"line":15,"column":26},"end":{"line":15,"column":33}},"loc":{"start":{"line":15,"column":73},"end":{"line":22,"column":null}}},"3":{"name":"(anonymous_10)","decl":{"start":{"line":15,"column":73},"end":{"line":15,"column":null}},"loc":{"start":{"line":15,"column":73},"end":{"line":22,"column":1}}},"4":{"name":"(anonymous_11)","decl":{"start":{"line":24,"column":23},"end":{"line":24,"column":30}},"loc":{"start":{"line":24,"column":66},"end":{"line":29,"column":null}}},"5":{"name":"(anonymous_12)","decl":{"start":{"line":24,"column":66},"end":{"line":24,"column":null}},"loc":{"start":{"line":24,"column":66},"end":{"line":29,"column":1}}}},"branchMap":{"0":{"loc":{"start":{"line":27,"column":2},"end":{"line":27,"column":null}},"type":"if","locations":[{"start":{"line":27,"column":2},"end":{"line":27,"column":null}}]}},"s":{"0":1,"1":1,"2":1,"3":0,"4":0,"5":0,"6":1,"7":1,"8":0,"9":0,"10":0,"11":0,"12":1,"13":1,"14":0,"15":0,"16":0,"17":0,"18":0,"19":0,"20":1},"f":{"0":0,"1":0,"2":0,"3":0,"4":0,"5":0},"b":{"0":[0]}}
,"/Users/beb/projects/current/express-typescript-docker/src/repositories/user.repository.ts": {"path":"/Users/beb/projects/current/express-typescript-docker/src/repositories/user.repository.ts","statementMap":{"0":{"start":{"line":1,"column":0},"end":{"line":1,"column":39}},"1":{"start":{"line":2,"column":0},"end":{"line":2,"column":32}},"2":{"start":{"line":10,"column":24},"end":{"line":13,"column":null}},"3":{"start":{"line":10,"column":57},"end":{"line":13,"column":null}},"4":{"start":{"line":11,"column":25},"end":{"line":11,"column":44}},"5":{"start":{"line":12,"column":2},"end":{"line":12,"column":null}},"6":{"start":{"line":10,"column":13},"end":{"line":10,"column":24}},"7":{"start":{"line":15,"column":26},"end":{"line":22,"column":null}},"8":{"start":{"line":15,"column":73},"end":{"line":22,"column":null}},"9":{"start":{"line":16,"column":25},"end":{"line":16,"column":44}},"10":{"start":{"line":17,"column":15},"end":{"line":17,"column":25}},"11":{"start":{"line":18,"column":2},"end":{"line":21,"column":null}},"12":{"start":{"line":15,"column":13},"end":{"line":15,"column":26}},"13":{"start":{"line":24,"column":23},"end":{"line":29,"column":null}},"14":{"start":{"line":24,"column":66},"end":{"line":29,"column":null}},"15":{"start":{"line":25,"column":25},"end":{"line":25,"column":44}},"16":{"start":{"line":26,"column":15},"end":{"line":26,"column":51}},"17":{"start":{"line":27,"column":2},"end":{"line":27,"column":null}},"18":{"start":{"line":27,"column":13},"end":{"line":27,"column":null}},"19":{"start":{"line":28,"column":2},"end":{"line":28,"column":null}},"20":{"start":{"line":24,"column":13},"end":{"line":24,"column":23}}},"fnMap":{"0":{"name":"(anonymous_7)","decl":{"start":{"line":10,"column":24},"end":{"line":10,"column":55}},"loc":{"start":{"line":10,"column":57},"end":{"line":13,"column":null}}},"1":{"name":"(anonymous_8)","decl":{"start":{"line":10,"column":57},"end":{"line":10,"column":null}},"loc":{"start":{"line":10,"column":57},"end":{"line":13,"column":1}}},"2":{"name":"(anonymous_9)","decl":{"start":{"line":15,"column":26},"end":{"line":15,"column":33}},"loc":{"start":{"line":15,"column":73},"end":{"line":22,"column":null}}},"3":{"name":"(anonymous_10)","decl":{"start":{"line":15,"column":73},"end":{"line":15,"column":null}},"loc":{"start":{"line":15,"column":73},"end":{"line":22,"column":1}}},"4":{"name":"(anonymous_11)","decl":{"start":{"line":24,"column":23},"end":{"line":24,"column":30}},"loc":{"start":{"line":24,"column":66},"end":{"line":29,"column":null}}},"5":{"name":"(anonymous_12)","decl":{"start":{"line":24,"column":66},"end":{"line":24,"column":null}},"loc":{"start":{"line":24,"column":66},"end":{"line":29,"column":1}}}},"branchMap":{"0":{"loc":{"start":{"line":27,"column":2},"end":{"line":27,"column":null}},"type":"if","locations":[{"start":{"line":27,"column":2},"end":{"line":27,"column":null}}]}},"s":{"0":2,"1":2,"2":2,"3":2,"4":2,"5":2,"6":2,"7":2,"8":1,"9":1,"10":1,"11":1,"12":2,"13":2,"14":2,"15":2,"16":2,"17":2,"18":1,"19":1,"20":2},"f":{"0":2,"1":2,"2":1,"3":1,"4":2,"5":2},"b":{"0":[1]}}
,"/Users/beb/projects/current/express-typescript-docker/src/routes/comment.router.ts": {"path":"/Users/beb/projects/current/express-typescript-docker/src/routes/comment.router.ts","statementMap":{"0":{"start":{"line":1,"column":0},"end":{"line":1,"column":29}},"1":{"start":{"line":2,"column":0},"end":{"line":2,"column":65}},"2":{"start":{"line":4,"column":15},"end":{"line":4,"column":31}},"3":{"start":{"line":6,"column":0},"end":{"line":10,"column":null}},"4":{"start":{"line":6,"column":36},"end":{"line":10,"column":2}},"5":{"start":{"line":7,"column":21},"end":{"line":7,"column":44}},"6":{"start":{"line":8,"column":19},"end":{"line":8,"column":49}},"7":{"start":{"line":9,"column":2},"end":{"line":9,"column":null}},"8":{"start":{"line":12,"column":0},"end":{"line":16,"column":null}},"9":{"start":{"line":12,"column":36},"end":{"line":16,"column":2}},"10":{"start":{"line":13,"column":21},"end":{"line":13,"column":44}},"11":{"start":{"line":14,"column":19},"end":{"line":14,"column":59}},"12":{"start":{"line":15,"column":2},"end":{"line":15,"column":null}},"13":{"start":{"line":18,"column":0},"end":{"line":23,"column":null}},"14":{"start":{"line":18,"column":38},"end":{"line":23,"column":2}},"15":{"start":{"line":19,"column":21},"end":{"line":19,"column":44}},"16":{"start":{"line":20,"column":19},"end":{"line":20,"column":61}},"17":{"start":{"line":21,"column":2},"end":{"line":21,"column":null}},"18":{"start":{"line":21,"column":17},"end":{"line":21,"column":null}},"19":{"start":{"line":22,"column":2},"end":{"line":22,"column":null}},"20":{"start":{"line":25,"column":0},"end":{"line":25,"column":null}}},"fnMap":{"0":{"name":"(anonymous_8)","decl":{"start":{"line":6,"column":16},"end":{"line":6,"column":23}},"loc":{"start":{"line":6,"column":36},"end":{"line":10,"column":2}}},"1":{"name":"(anonymous_9)","decl":{"start":{"line":6,"column":36},"end":{"line":6,"column":null}},"loc":{"start":{"line":6,"column":36},"end":{"line":10,"column":1}}},"2":{"name":"(anonymous_10)","decl":{"start":{"line":12,"column":17},"end":{"line":12,"column":24}},"loc":{"start":{"line":12,"column":36},"end":{"line":16,"column":2}}},"3":{"name":"(anonymous_11)","decl":{"start":{"line":12,"column":36},"end":{"line":12,"column":null}},"loc":{"start":{"line":12,"column":36},"end":{"line":16,"column":1}}},"4":{"name":"(anonymous_12)","decl":{"start":{"line":18,"column":19},"end":{"line":18,"column":26}},"loc":{"start":{"line":18,"column":38},"end":{"line":23,"column":2}}},"5":{"name":"(anonymous_13)","decl":{"start":{"line":18,"column":38},"end":{"line":18,"column":null}},"loc":{"start":{"line":18,"column":38},"end":{"line":23,"column":1}}}},"branchMap":{"0":{"loc":{"start":{"line":21,"column":2},"end":{"line":21,"column":null}},"type":"if","locations":[{"start":{"line":21,"column":2},"end":{"line":21,"column":null}}]}},"s":{"0":0,"1":0,"2":0,"3":0,"4":0,"5":0,"6":0,"7":0,"8":0,"9":0,"10":0,"11":0,"12":0,"13":0,"14":0,"15":0,"16":0,"17":0,"18":0,"19":0,"20":0},"f":{"0":0,"1":0,"2":0,"3":0,"4":0,"5":0},"b":{"0":[0]}}
,"/Users/beb/projects/current/express-typescript-docker/src/routes/index.ts": {"path":"/Users/beb/projects/current/express-typescript-docker/src/routes/index.ts","statementMap":{"0":{"start":{"line":1,"column":0},"end":{"line":1,"column":29}},"1":{"start":{"line":2,"column":0},"end":{"line":2,"column":38}},"2":{"start":{"line":3,"column":0},"end":{"line":3,"column":38}},"3":{"start":{"line":4,"column":0},"end":{"line":4,"column":44}},"4":{"start":{"line":6,"column":15},"end":{"line":6,"column":31}},"5":{"start":{"line":8,"column":0},"end":{"line":8,"column":null}},"6":{"start":{"line":9,"column":0},"end":{"line":9,"column":null}},"7":{"start":{"line":10,"column":0},"end":{"line":10,"column":null}},"8":{"start":{"line":12,"column":0},"end":{"line":12,"column":null}}},"fnMap":{},"branchMap":{},"s":{"0":0,"1":0,"2":0,"3":0,"4":0,"5":0,"6":0,"7":0,"8":0},"f":{},"b":{}}
,"/Users/beb/projects/current/express-typescript-docker/src/routes/post.router.ts": {"path":"/Users/beb/projects/current/express-typescript-docker/src/routes/post.router.ts","statementMap":{"0":{"start":{"line":1,"column":0},"end":{"line":1,"column":29}},"1":{"start":{"line":2,"column":0},"end":{"line":2,"column":59}},"2":{"start":{"line":4,"column":15},"end":{"line":4,"column":31}},"3":{"start":{"line":6,"column":0},"end":{"line":10,"column":null}},"4":{"start":{"line":6,"column":36},"end":{"line":10,"column":2}},"5":{"start":{"line":7,"column":21},"end":{"line":7,"column":41}},"6":{"start":{"line":8,"column":19},"end":{"line":8,"column":46}},"7":{"start":{"line":9,"column":2},"end":{"line":9,"column":null}},"8":{"start":{"line":12,"column":0},"end":{"line":16,"column":null}},"9":{"start":{"line":12,"column":36},"end":{"line":16,"column":2}},"10":{"start":{"line":13,"column":21},"end":{"line":13,"column":41}},"11":{"start":{"line":14,"column":19},"end":{"line":14,"column":56}},"12":{"start":{"line":15,"column":2},"end":{"line":15,"column":null}},"13":{"start":{"line":18,"column":0},"end":{"line":23,"column":null}},"14":{"start":{"line":18,"column":38},"end":{"line":23,"column":2}},"15":{"start":{"line":19,"column":21},"end":{"line":19,"column":41}},"16":{"start":{"line":20,"column":19},"end":{"line":20,"column":58}},"17":{"start":{"line":21,"column":2},"end":{"line":21,"column":null}},"18":{"start":{"line":21,"column":17},"end":{"line":21,"column":null}},"19":{"start":{"line":22,"column":2},"end":{"line":22,"column":null}},"20":{"start":{"line":25,"column":0},"end":{"line":25,"column":null}}},"fnMap":{"0":{"name":"(anonymous_8)","decl":{"start":{"line":6,"column":16},"end":{"line":6,"column":23}},"loc":{"start":{"line":6,"column":36},"end":{"line":10,"column":2}}},"1":{"name":"(anonymous_9)","decl":{"start":{"line":6,"column":36},"end":{"line":6,"column":null}},"loc":{"start":{"line":6,"column":36},"end":{"line":10,"column":1}}},"2":{"name":"(anonymous_10)","decl":{"start":{"line":12,"column":17},"end":{"line":12,"column":24}},"loc":{"start":{"line":12,"column":36},"end":{"line":16,"column":2}}},"3":{"name":"(anonymous_11)","decl":{"start":{"line":12,"column":36},"end":{"line":12,"column":null}},"loc":{"start":{"line":12,"column":36},"end":{"line":16,"column":1}}},"4":{"name":"(anonymous_12)","decl":{"start":{"line":18,"column":19},"end":{"line":18,"column":26}},"loc":{"start":{"line":18,"column":38},"end":{"line":23,"column":2}}},"5":{"name":"(anonymous_13)","decl":{"start":{"line":18,"column":38},"end":{"line":18,"column":null}},"loc":{"start":{"line":18,"column":38},"end":{"line":23,"column":1}}}},"branchMap":{"0":{"loc":{"start":{"line":21,"column":2},"end":{"line":21,"column":null}},"type":"if","locations":[{"start":{"line":21,"column":2},"end":{"line":21,"column":null}}]}},"s":{"0":0,"1":0,"2":0,"3":0,"4":0,"5":0,"6":0,"7":0,"8":0,"9":0,"10":0,"11":0,"12":0,"13":0,"14":0,"15":0,"16":0,"17":0,"18":0,"19":0,"20":0},"f":{"0":0,"1":0,"2":0,"3":0,"4":0,"5":0},"b":{"0":[0]}}
,"/Users/beb/projects/current/express-typescript-docker/src/routes/user.router.ts": {"path":"/Users/beb/projects/current/express-typescript-docker/src/routes/user.router.ts","statementMap":{"0":{"start":{"line":1,"column":0},"end":{"line":1,"column":29}},"1":{"start":{"line":2,"column":0},"end":{"line":2,"column":59}},"2":{"start":{"line":4,"column":15},"end":{"line":4,"column":31}},"3":{"start":{"line":6,"column":0},"end":{"line":10,"column":null}},"4":{"start":{"line":6,"column":36},"end":{"line":10,"column":2}},"5":{"start":{"line":7,"column":21},"end":{"line":7,"column":41}},"6":{"start":{"line":8,"column":19},"end":{"line":8,"column":46}},"7":{"start":{"line":9,"column":2},"end":{"line":9,"column":null}},"8":{"start":{"line":12,"column":0},"end":{"line":16,"column":null}},"9":{"start":{"line":12,"column":36},"end":{"line":16,"column":2}},"10":{"start":{"line":13,"column":21},"end":{"line":13,"column":41}},"11":{"start":{"line":14,"column":19},"end":{"line":14,"column":56}},"12":{"start":{"line":15,"column":2},"end":{"line":15,"column":null}},"13":{"start":{"line":18,"column":0},"end":{"line":23,"column":null}},"14":{"start":{"line":18,"column":38},"end":{"line":23,"column":2}},"15":{"start":{"line":19,"column":21},"end":{"line":19,"column":41}},"16":{"start":{"line":20,"column":19},"end":{"line":20,"column":58}},"17":{"start":{"line":21,"column":2},"end":{"line":21,"column":null}},"18":{"start":{"line":21,"column":17},"end":{"line":21,"column":null}},"19":{"start":{"line":22,"column":2},"end":{"line":22,"column":null}},"20":{"start":{"line":25,"column":0},"end":{"line":25,"column":null}}},"fnMap":{"0":{"name":"(anonymous_8)","decl":{"start":{"line":6,"column":16},"end":{"line":6,"column":23}},"loc":{"start":{"line":6,"column":36},"end":{"line":10,"column":2}}},"1":{"name":"(anonymous_9)","decl":{"start":{"line":6,"column":36},"end":{"line":6,"column":null}},"loc":{"start":{"line":6,"column":36},"end":{"line":10,"column":1}}},"2":{"name":"(anonymous_10)","decl":{"start":{"line":12,"column":17},"end":{"line":12,"column":24}},"loc":{"start":{"line":12,"column":36},"end":{"line":16,"column":2}}},"3":{"name":"(anonymous_11)","decl":{"start":{"line":12,"column":36},"end":{"line":12,"column":null}},"loc":{"start":{"line":12,"column":36},"end":{"line":16,"column":1}}},"4":{"name":"(anonymous_12)","decl":{"start":{"line":18,"column":19},"end":{"line":18,"column":26}},"loc":{"start":{"line":18,"column":38},"end":{"line":23,"column":2}}},"5":{"name":"(anonymous_13)","decl":{"start":{"line":18,"column":38},"end":{"line":18,"column":null}},"loc":{"start":{"line":18,"column":38},"end":{"line":23,"column":1}}}},"branchMap":{"0":{"loc":{"start":{"line":21,"column":2},"end":{"line":21,"column":null}},"type":"if","locations":[{"start":{"line":21,"column":2},"end":{"line":21,"column":null}}]}},"s":{"0":0,"1":0,"2":0,"3":0,"4":0,"5":0,"6":0,"7":0,"8":0,"9":0,"10":0,"11":0,"12":0,"13":0,"14":0,"15":0,"16":0,"17":0,"18":0,"19":0,"20":0},"f":{"0":0,"1":0,"2":0,"3":0,"4":0,"5":0},"b":{"0":[0]}}
}
